[22:20:18] [main/INFO] (FabricLoader/GameProvider) Loading Minecraft 1.19.2 with Fabric Loader 0.14.12
[22:20:19] [main/INFO] (FabricLoader) Loading 49 mods:
	- bettercombat 1.7.1+1.19
	- cloth-basic-math 0.6.1
	- cloth-config 8.3.103
	- fabric-api 0.60.0+1.19.2
	- fabric-api-base 0.4.11+e62f51a390
	- fabric-api-lookup-api-v1 1.6.9+9ff28f4090
	- fabric-biome-api-v1 9.0.17+aeb40ebe90
	- fabric-blockrenderlayer-v1 1.1.20+aeb40ebe90
	- fabric-client-tags-api-v1 1.0.1+b35fea8390
	- fabric-command-api-v2 2.1.7+0c17ea9690
	- fabric-content-registries-v0 3.2.3+aeb40ebe90
	- fabric-convention-tags-v1 1.1.1+7cd20a1490
	- fabric-crash-report-info-v1 0.2.5+aeb40ebe90
	- fabric-data-generation-api-v1 5.1.8+a680b9b490
	- fabric-dimensions-v1 2.1.30+aeb40ebe90
	- fabric-entity-events-v1 1.4.18+9ff28f4090
	- fabric-events-interaction-v0 0.4.28+aeb40ebe90
	- fabric-game-rule-api-v1 1.0.21+aeb40ebe90
	- fabric-gametest-api-v1 1.0.35+e62f51a390
	- fabric-item-api-v1 1.5.7+35a03c4390
	- fabric-item-groups-v0 0.3.28+aeb40ebe90
	- fabric-key-binding-api-v1 1.0.20+aeb40ebe90
	- fabric-lifecycle-events-v1 2.1.2+aeb40ebe90
	- fabric-loot-api-v2 1.1.3+83a8659290
	- fabric-message-api-v1 5.0.3+176380a290
	- fabric-mining-level-api-v1 2.1.14+33fbc73890
	- fabric-models-v0 0.3.17+aeb40ebe90
	- fabric-networking-api-v1 1.2.4+5eb68ef290
	- fabric-object-builder-api-v1 4.0.11+aeb40ebe90
	- fabric-particles-v1 1.0.10+aeb40ebe90
	- fabric-registry-sync-v0 0.9.24+aeb40ebe90
	- fabric-renderer-api-v1 1.0.10+aeb40ebe90
	- fabric-renderer-indigo 0.6.12+aeb40ebe90
	- fabric-rendering-data-attachment-v1 0.3.14+aeb40ebe90
	- fabric-rendering-fluids-v1 3.0.7+aeb40ebe90
	- fabric-rendering-v1 1.10.16+aeb40ebe90
	- fabric-resource-conditions-api-v1 2.0.11+e62f51a390
	- fabric-resource-loader-v0 0.8.3+251d254a90
	- fabric-screen-api-v1 1.0.26+f05effaf90
	- fabric-screen-handler-api-v1 1.2.13+9ff28f4090
	- fabric-textures-v0 1.0.20+aeb40ebe90
	- fabric-transfer-api-v1 2.0.11+83a8659290
	- fabric-transitive-access-wideners-v1 1.3.0+42d99c3290
	- fabricloader 0.14.12
	- geckolib3 3.1.34
	- java 17
	- minecraft 1.19.2
	- mumodpack 0.0.1-1.19.2
	- player-animator 1.0.2
[22:20:20] [main/INFO] (FabricLoader/Mixin) SpongePowered MIXIN Subsystem Version=0.8.5 Source=file:/C:/Users/Darkb/.gradle/caches/modules-2/files-2.1/net.fabricmc/sponge-mixin/0.11.4+mixin.0.8.5/c1dc27696aa4006e492c2485c9ccbcb26045a971/sponge-mixin-0.11.4+mixin.0.8.5.jar Service=Knot/Fabric Env=CLIENT
[22:20:20] [main/INFO] (FabricLoader/Mixin) Loaded Fabric development mappings for mixin remapper!
[22:20:20] [main/INFO] (FabricLoader/Mixin) Compatibility level set to JAVA_16
[22:20:20] [main/INFO] (FabricLoader/Mixin) Compatibility level set to JAVA_17
[22:20:35] [main/INFO] (Minecraft) Building optimized datafixer
[22:20:45] [Render thread/INFO] (Minecraft) Environment: authHost='https://authserver.mojang.com', accountsHost='https://api.mojang.com', sessionHost='https://sessionserver.mojang.com', servicesHost='https://api.minecraftservices.com', name='PROD'
[22:20:47] [Render thread/ERROR] (fabric-screen-api-v1) Failed to verify authentication
com.mojang.authlib.exceptions.InvalidCredentialsException: Status: 401
	at com.mojang.authlib.exceptions.MinecraftClientHttpException.toAuthenticationException(MinecraftClientHttpException.java:56) ~[authlib-3.11.49.jar:?]
	at com.mojang.authlib.yggdrasil.YggdrasilUserApiService.fetchProperties(YggdrasilUserApiService.java:155) ~[authlib-3.11.49.jar:?]
	at com.mojang.authlib.yggdrasil.YggdrasilUserApiService.<init>(YggdrasilUserApiService.java:55) ~[authlib-3.11.49.jar:?]
	at com.mojang.authlib.yggdrasil.YggdrasilAuthenticationService.createUserApiService(YggdrasilAuthenticationService.java:161) ~[authlib-3.11.49.jar:?]
	at net.minecraft.client.MinecraftClient.createUserApiService(MinecraftClient.java:711) [minecraft-project-@-merged-named.jar:?]
	at net.minecraft.client.MinecraftClient.<init>(MinecraftClient.java:431) [minecraft-project-@-merged-named.jar:?]
	at net.minecraft.client.main.Main.main(Main.java:205) [minecraft-project-@-merged-named.jar:?]
	at net.minecraft.client.main.Main.main(Main.java:51) [minecraft-project-@-merged-named.jar:?]
	at net.fabricmc.loader.impl.game.minecraft.MinecraftGameProvider.launch(MinecraftGameProvider.java:461) [fabric-loader-0.14.12.jar:?]
	at net.fabricmc.loader.impl.launch.knot.Knot.launch(Knot.java:74) [fabric-loader-0.14.12.jar:?]
	at net.fabricmc.loader.impl.launch.knot.KnotClient.main(KnotClient.java:23) [fabric-loader-0.14.12.jar:?]
	at net.fabricmc.devlaunchinjector.Main.main(Main.java:86) [dev-launch-injector-0.2.1+build.8.jar:?]
Caused by: com.mojang.authlib.exceptions.MinecraftClientHttpException: Status: 401
	at com.mojang.authlib.minecraft.client.MinecraftClient.readInputStream(MinecraftClient.java:85) ~[authlib-3.11.49.jar:?]
	at com.mojang.authlib.minecraft.client.MinecraftClient.get(MinecraftClient.java:48) ~[authlib-3.11.49.jar:?]
	at com.mojang.authlib.yggdrasil.YggdrasilUserApiService.fetchProperties(YggdrasilUserApiService.java:129) ~[authlib-3.11.49.jar:?]
	... 10 more
[22:20:47] [Render thread/INFO] (fabric-screen-api-v1) Setting user: Player289
[22:20:48] [Render thread/ERROR] (Minecraft) No data fixer registered for geoexampleentity
[22:20:48] [Render thread/ERROR] (Minecraft) No data fixer registered for bikeentity
[22:20:48] [Render thread/ERROR] (Minecraft) No data fixer registered for carentity
[22:20:48] [Render thread/ERROR] (Minecraft) No data fixer registered for extendedrendererentity
[22:20:48] [Render thread/ERROR] (Minecraft) No data fixer registered for textureperbonetestentity
[22:20:48] [Render thread/ERROR] (Minecraft) No data fixer registered for leentity
[22:20:48] [Render thread/ERROR] (Minecraft) No data fixer registered for rocketprojectile
[22:20:49] [Render thread/INFO] (mumodpack) Config initialized!
[22:20:49] [Render thread/ERROR] (Minecraft) No data fixer registered for champ_b_entity
[22:20:49] [Render thread/INFO] (mumodpack) Successfully registered MineUniverse content!
[22:20:49] [Render thread/INFO] (mumodpack) Successfully initialized Geckolib!
[22:20:49] [Render thread/INFO] (mumodpack) Initializing done!
[22:20:50] [Render thread/INFO] (Indigo) [Indigo] Registering Indigo renderer!
[22:20:52] [Render thread/INFO] (fabric-screen-api-v1) Backend library: LWJGL version 3.3.1 SNAPSHOT
[22:20:59] [Worker-Main-8/ERROR] (Minecraft) Failed to retrieve profile key pair
java.io.IOException: Could not retrieve profile key pair
	at net.minecraft.client.util.ProfileKeys.fetchKeyPair(ProfileKeys.java:130) ~[minecraft-project-@-merged-named.jar:?]
	at net.minecraft.client.util.ProfileKeys.method_44291(ProfileKeys.java:69) ~[minecraft-project-@-merged-named.jar:?]
	at java.util.concurrent.CompletableFuture$AsyncSupply.run(CompletableFuture.java:1768) [?:?]
	at java.util.concurrent.CompletableFuture$AsyncSupply.exec(CompletableFuture.java:1760) [?:?]
	at java.util.concurrent.ForkJoinTask.doExec(ForkJoinTask.java:373) [?:?]
	at java.util.concurrent.ForkJoinPool$WorkQueue.topLevelExec(ForkJoinPool.java:1182) [?:?]
	at java.util.concurrent.ForkJoinPool.scan(ForkJoinPool.java:1655) [?:?]
	at java.util.concurrent.ForkJoinPool.runWorker(ForkJoinPool.java:1622) [?:?]
	at java.util.concurrent.ForkJoinWorkerThread.run(ForkJoinWorkerThread.java:165) [?:?]
[22:20:59] [Render thread/INFO] (Minecraft) Reloading ResourceManager: Default, Fabric Mods (Fabric Particles (v1), Fabric Registry Sync (v0), Fabric Mining Level API (v1), Fabric Game Test API (v1), Fabric Convention Tags, Fabric BlockRenderLayer Registration (v1), Fabric Item API (v1), Fabric Screen API (v1), Fabric Models (v0), Cloth Config v8, Fabric API, Better Combat, Fabric Lifecycle Events (v1), Fabric Rendering (v1), Fabric Events Interaction (v0), Geckolib, Fabric Message API (v1), Fabric Item Groups (v0), Fabric Resource Loader (v0), Fabric Textures (v0), Fabric Dimensions API (v1), Fabric Renderer - Indigo, Fabric Key Binding API (v1), Fabric Biome API (v1), Fabric Resource Conditions API (v1), Fabric Rendering Fluids (v1), Fabric Crash Report Info (v1), Mine Universe Modpack, Fabric API Lookup API (v1), Fabric Data Generation API (v1), Fabric Rendering Data Attachment (v1), Fabric Transfer API (v1), Fabric Object Builder API (v1), Fabric Transitive Access Wideners (v1), Fabric Loader, Fabric Screen Handler API (v1), Fabric Content Registries (v0), Fabric Game Rule API (v1), Fabric Loot API (v2), Fabric Client Tags, Fabric Entity Events (v1), Fabric Networking API (v1), Fabric Command API (v2), Fabric Renderer API (v1), Fabric API Base)
[22:21:00] [Render thread/INFO] (mumodpack) This line is printed by an example mod mixin!
[22:21:01] [Realms Notification Availability checker #1/INFO] (Minecraft) Could not authorize you against Realms server: Invalid session id
[22:21:03] [Render thread/INFO] (mumodpack) This line is printed by an example mod mixin!
[22:21:03] [Render thread/INFO] (mumodpack) This line is printed by an example mod mixin!
[22:21:06] [Worker-Main-11/WARN] (Minecraft) Unable to resolve texture reference: #missing in mumodpack:item/boss_axe
[22:21:07] [Worker-Main-10/ERROR] (Minecraft) Using missing texture, file minecraft:textures/boss_axe.png not found
[22:21:08] [Render thread/WARN] (Minecraft) Missing sound for event: minecraft:item.goat_horn.play
[22:21:08] [Render thread/WARN] (Minecraft) Missing sound for event: minecraft:entity.goat.screaming.horn_break
[22:21:08] [Render thread/INFO] (Minecraft) OpenAL initialized on device OpenAL Soft on Наушники (2- Razer Nari Ultimate - Game)
[22:21:08] [Render thread/INFO] (Minecraft) Sound engine started
[22:21:09] [Render thread/INFO] (Minecraft) Created: 1024x1024x4 minecraft:textures/atlas/blocks.png-atlas
[22:21:09] [Render thread/INFO] (Minecraft) Created: 256x128x4 minecraft:textures/atlas/signs.png-atlas
[22:21:09] [Render thread/INFO] (Minecraft) Created: 1024x512x4 minecraft:textures/atlas/banner_patterns.png-atlas
[22:21:09] [Render thread/INFO] (Minecraft) Created: 1024x512x4 minecraft:textures/atlas/shield_patterns.png-atlas
[22:21:09] [Render thread/INFO] (Minecraft) Created: 256x256x4 minecraft:textures/atlas/chest.png-atlas
[22:21:09] [Render thread/INFO] (Minecraft) Created: 512x256x4 minecraft:textures/atlas/beds.png-atlas
[22:21:09] [Render thread/INFO] (Minecraft) Created: 512x256x4 minecraft:textures/atlas/shulker_boxes.png-atlas
[22:21:11] [Render thread/WARN] (Minecraft) Shader rendertype_entity_translucent_emissive could not find sampler named Sampler2 in the specified shader program.
[22:21:11] [Render thread/INFO] (Minecraft) Created: 512x256x0 minecraft:textures/atlas/particles.png-atlas
[22:21:11] [Render thread/INFO] (Minecraft) Created: 256x256x0 minecraft:textures/atlas/paintings.png-atlas
[22:21:11] [Render thread/INFO] (Minecraft) Created: 256x128x0 minecraft:textures/atlas/mob_effects.png-atlas
[22:21:12] [Render thread/INFO] (mumodpack) This line is printed by an example mod mixin!
[22:21:24] [Render thread/INFO] (Minecraft) Loaded 7 recipes
[22:21:25] [Render thread/INFO] (Minecraft) Loaded 1179 advancements
[22:21:28] [Worker-Main-10/ERROR] (Minecraft) Failed to retrieve profile key pair
java.io.IOException: Could not retrieve profile key pair
	at net.minecraft.client.util.ProfileKeys.fetchKeyPair(ProfileKeys.java:130) ~[minecraft-project-@-merged-named.jar:?]
	at net.minecraft.client.util.ProfileKeys.method_44291(ProfileKeys.java:69) ~[minecraft-project-@-merged-named.jar:?]
	at java.util.concurrent.CompletableFuture$AsyncSupply.run(CompletableFuture.java:1768) [?:?]
	at java.util.concurrent.CompletableFuture$AsyncSupply.exec(CompletableFuture.java:1760) [?:?]
	at java.util.concurrent.ForkJoinTask.doExec(ForkJoinTask.java:373) [?:?]
	at java.util.concurrent.ForkJoinPool$WorkQueue.topLevelExec(ForkJoinPool.java:1182) [?:?]
	at java.util.concurrent.ForkJoinPool.scan(ForkJoinPool.java:1655) [?:?]
	at java.util.concurrent.ForkJoinPool.runWorker(ForkJoinPool.java:1622) [?:?]
	at java.util.concurrent.ForkJoinWorkerThread.run(ForkJoinWorkerThread.java:165) [?:?]
[22:21:28] [Render thread/INFO] (BiomeModificationImpl) Applied 0 biome modifications to 0 of 63 new biomes in 9.133 ms
[22:21:28] [Server thread/INFO] (Minecraft) Starting integrated minecraft server version 1.19.2
[22:21:28] [Server thread/INFO] (Minecraft) Generating keypair
[22:21:30] [Server thread/INFO] (Minecraft) Preparing start region for dimension minecraft:overworld
[22:21:35] [Render thread/INFO] (Minecraft) Preparing spawn area: 0%
[22:21:35] [Render thread/INFO] (Minecraft) Preparing spawn area: 0%
[22:21:36] [Render thread/INFO] (Minecraft) Preparing spawn area: 0%
[22:21:36] [Render thread/INFO] (Minecraft) Preparing spawn area: 0%
[22:21:36] [Render thread/INFO] (Minecraft) Preparing spawn area: 0%
[22:21:36] [Render thread/INFO] (Minecraft) Preparing spawn area: 0%
[22:21:36] [Render thread/INFO] (Minecraft) Preparing spawn area: 0%
[22:21:36] [Render thread/INFO] (Minecraft) Preparing spawn area: 0%
[22:21:36] [Render thread/INFO] (Minecraft) Preparing spawn area: 0%
[22:21:36] [Render thread/INFO] (Minecraft) Preparing spawn area: 0%
[22:21:36] [Render thread/INFO] (Minecraft) Preparing spawn area: 0%
[22:21:36] [Render thread/INFO] (Minecraft) Preparing spawn area: 0%
[22:21:36] [Render thread/INFO] (Minecraft) Preparing spawn area: 0%
[22:21:36] [Render thread/INFO] (Minecraft) Preparing spawn area: 0%
[22:21:38] [Render thread/INFO] (Minecraft) Preparing spawn area: 0%
[22:21:38] [Render thread/INFO] (Minecraft) Preparing spawn area: 0%
[22:21:38] [Render thread/INFO] (Minecraft) Preparing spawn area: 0%
[22:21:38] [Render thread/INFO] (Minecraft) Preparing spawn area: 0%
[22:21:39] [Render thread/INFO] (Minecraft) Preparing spawn area: 0%
[22:21:41] [Render thread/INFO] (Minecraft) Preparing spawn area: 0%
[22:21:41] [Render thread/INFO] (Minecraft) Preparing spawn area: 0%
[22:21:41] [Render thread/INFO] (Minecraft) Preparing spawn area: 0%
[22:21:41] [Render thread/INFO] (Minecraft) Preparing spawn area: 0%
[22:21:41] [Render thread/INFO] (Minecraft) Preparing spawn area: 0%
[22:21:42] [Render thread/INFO] (Minecraft) Preparing spawn area: 0%
[22:21:42] [Render thread/INFO] (Minecraft) Preparing spawn area: 0%
[22:21:43] [Render thread/INFO] (Minecraft) Preparing spawn area: 0%
[22:21:43] [Render thread/INFO] (Minecraft) Preparing spawn area: 0%
[22:21:44] [Render thread/INFO] (Minecraft) Preparing spawn area: 1%
[22:21:44] [Render thread/INFO] (Minecraft) Preparing spawn area: 56%
[22:21:47] [Render thread/INFO] (Minecraft) Time elapsed: 17095 ms
[22:21:47] [Server thread/INFO] (WeaponRegistry) Encoded Weapon Attribute registry size (with package overhead): 8837 bytes (in 1 string chunks with the size of 10000)
[22:21:47] [Server thread/INFO] (Minecraft) Changing view distance to 12, from 10
[22:21:47] [Server thread/INFO] (Minecraft) Changing simulation distance to 12, from 0
[22:21:57] [Server thread/INFO] (Minecraft) Player289[local:E:55202ece] logged in with entity id 94 at (-241.22636991784347, 103.0, -212.6614802407701)
[22:21:57] [Server thread/INFO] (Minecraft) Player289 joined the game
[22:21:57] [Server thread/INFO] (Minecraft) Player289 has made the advancement [Suit Up]
[22:21:59] [Netty Local Client IO #0/INFO] (WeaponRegistry) Decoded Weapon Attribute registry in 1 string chunks
[22:23:04] [Worker-Bootstrap-7/INFO] (Minecraft) 4283 Datafixer optimizations took 149005 milliseconds
[22:23:04] [Render thread/INFO] (Minecraft) [System] [CHAT] Player289 has made the advancement [Suit Up]
[22:23:05] [Render thread/INFO] (Minecraft) Loaded 12 advancements
[22:23:22] [Server thread/INFO] (Minecraft) Saving and pausing game...
[22:23:22] [Server thread/INFO] (Minecraft) Saving chunks for level 'ServerLevel[New World]'/minecraft:overworld
[22:23:23] [Server thread/INFO] (Minecraft) Saving chunks for level 'ServerLevel[New World]'/minecraft:the_end
[22:23:23] [Server thread/INFO] (Minecraft) Saving chunks for level 'ServerLevel[New World]'/minecraft:the_nether
[22:24:12] [Server thread/INFO] (Minecraft) [Player289: Set own game mode to Creative Mode]
[22:24:12] [Render thread/INFO] (Minecraft) [System] [CHAT] Set own game mode to Creative Mode
[22:24:31] [Render thread/INFO] (Minecraft) Loaded 35 advancements
